<?xml version="1.0" encoding="UTF-8"?>
<Site BuildName="Win32-mingw32-make"
	BuildStamp="20250913-1714-Experimental"
	Name="Emrah_Tekin"
	Generator="ctest-4.1.1"
	CompilerName="C:/msys64/ucrt64/bin/g++.exe"
	CompilerVersion="15.1.0"
	OSName="Windows"
	Hostname="Emrah_Tekin"
	OSRelease=" Professional"
	OSVersion=" (Build 26100)"
	OSPlatform="AMD64"
	Is64Bits="1"
	VendorString="GenuineIntel"
	VendorID="Intel Corporation"
	FamilyID="6"
	ModelID="10"
	ModelName=""
	ProcessorCacheSize="-1"
	NumberOfLogicalCPU="22"
	NumberOfPhysicalCPU="16"
	TotalVirtualMemory="69065"
	TotalPhysicalMemory="64969"
	LogicalProcessorsPerPhysical="1"
	ProcessorClockFrequency="2300"
	>
	<Testing>
		<StartDateTime>Sep 13 19:31 Mitteleurop[NON-UTF-8-BYTE-0xE4]ische Sommerzeit</StartDateTime>
		<StartTestTime>1757784684</StartTestTime>
		<TestList>
			<Test>./Test_0,</Test>
		</TestList>
		<Test Status="passed">
			<Name>Test_0,</Name>
			<Path>.</Path>
			<FullName>./Test_0,</FullName>
			<FullCommandLine>"C:\Users\emrah\OneDrive\Desktop\Photonic Studium\Selbststudium\CMake_tutorial\CTEST\bin\TestingCTest.exe" "0"</FullCommandLine>
			<Results>
				<NamedMeasurement type="numeric/double" name="Execution Time">
					<Value>0.0134541</Value>
				</NamedMeasurement>
				<NamedMeasurement type="numeric/double" name="Processors">
					<Value>1</Value>
				</NamedMeasurement>
				<NamedMeasurement type="text/string" name="Completion Status">
					<Value>Completed</Value>
				</NamedMeasurement>
				<NamedMeasurement type="text/string" name="Command Line">
					<Value>"C:\Users\emrah\OneDrive\Desktop\Photonic Studium\Selbststudium\CMake_tutorial\CTEST\bin\TestingCTest.exe" "0"</Value>
				</NamedMeasurement>
				<NamedMeasurement type="text/string" name="Environment">
					<Value>#CTEST_RESOURCE_GROUP_COUNT=</Value>
				</NamedMeasurement>
				<Measurement>
					<Value>0
</Value>
				</Measurement>
			</Results>
		</Test>
		<EndDateTime>Sep 13 19:31 Mitteleurop[NON-UTF-8-BYTE-0xE4]ische Sommerzeit</EndDateTime>
		<EndTestTime>1757784684</EndTestTime>
		<ElapsedMinutes>0</ElapsedMinutes>
	</Testing>
</Site>
