<?xml version="1.0" encoding="UTF-8"?>
<Site BuildName="Win32-mingw32-make"
	BuildStamp="20250913-1714-Experimental"
	Name="Emrah_Tekin"
	Generator="ctest-4.1.1"
	CompilerName="C:/msys64/ucrt64/bin/g++.exe"
	CompilerVersion="15.1.0"
	OSName="Windows"
	Hostname="Emrah_Tekin"
	OSRelease=" Professional"
	OSVersion=" (Build 26100)"
	OSPlatform="AMD64"
	Is64Bits="1"
	VendorString="GenuineIntel"
	VendorID="Intel Corporation"
	FamilyID="6"
	ModelID="10"
	ModelName=""
	ProcessorCacheSize="-1"
	NumberOfLogicalCPU="22"
	NumberOfPhysicalCPU="16"
	TotalVirtualMemory="69065"
	TotalPhysicalMemory="64969"
	LogicalProcessorsPerPhysical="1"
	ProcessorClockFrequency="2300"
	>
	<Testing>
		<StartDateTime>Sep 13 19:15 Mitteleurop[NON-UTF-8-BYTE-0xE4]ische Sommerzeit</StartDateTime>
		<StartTestTime>1757783728</StartTestTime>
		<TestList/>
		<EndDateTime>Sep 13 19:15 Mitteleurop[NON-UTF-8-BYTE-0xE4]ische Sommerzeit</EndDateTime>
		<EndTestTime>1757783728</EndTestTime>
		<ElapsedMinutes>0</ElapsedMinutes>
	</Testing>
</Site>
